Started GET "/" for ::1 at 2019-08-20 07:51:20 -0400
Processing by Rails::WelcomeController#index as HTML
  Rendering /Users/david/.rvm/gems/ruby-2.6.3/gems/railties-5.2.3/lib/rails/templates/rails/welcome/index.html.erb
  Rendered /Users/david/.rvm/gems/ruby-2.6.3/gems/railties-5.2.3/lib/rails/templates/rails/welcome/index.html.erb (6.7ms)
Completed 200 OK in 46ms (Views: 14.5ms | ActiveRecord: 0.0ms)


  [1m[35m (0.8ms)[0m  [1m[34mSELECT sqlite_version(*)[0m
  ↳ bin/rails:9
  [1m[35m (10.3ms)[0m  [1m[35mCREATE TABLE "schema_migrations" ("version" varchar NOT NULL PRIMARY KEY)[0m
  ↳ bin/rails:9
  [1m[35m (1.2ms)[0m  [1m[35mCREATE TABLE "ar_internal_metadata" ("key" varchar NOT NULL PRIMARY KEY, "value" varchar, "created_at" datetime NOT NULL, "updated_at" datetime NOT NULL)[0m
  ↳ bin/rails:9
  [1m[35m (0.1ms)[0m  [1m[34mSELECT "schema_migrations"."version" FROM "schema_migrations" ORDER BY "schema_migrations"."version" ASC[0m
  ↳ bin/rails:9
Migrating to CreatePuppies (20190820120127)
  [1m[35m (0.1ms)[0m  [1m[36mbegin transaction[0m
  ↳ bin/rails:9
  [1m[35m (8.8ms)[0m  [1m[35mCREATE TABLE "puppies" ("id" integer PRIMARY KEY AUTOINCREMENT NOT NULL, "name" varchar, "breed" varchar, "age" integer, "created_at" datetime NOT NULL, "updated_at" datetime NOT NULL)[0m
  ↳ db/migrate/20190820120127_create_puppies.rb:3
  [1m[36mActiveRecord::SchemaMigration Create (0.2ms)[0m  [1m[32mINSERT INTO "schema_migrations" ("version") VALUES (?)[0m  [["version", "20190820120127"]]
  ↳ bin/rails:9
  [1m[35m (2.2ms)[0m  [1m[36mcommit transaction[0m
  ↳ bin/rails:9
  [1m[36mActiveRecord::InternalMetadata Load (0.2ms)[0m  [1m[34mSELECT  "ar_internal_metadata".* FROM "ar_internal_metadata" WHERE "ar_internal_metadata"."key" = ? LIMIT ?[0m  [["key", "environment"], ["LIMIT", 1]]
  ↳ bin/rails:9
  [1m[35m (0.0ms)[0m  [1m[36mbegin transaction[0m
  ↳ bin/rails:9
  [1m[36mActiveRecord::InternalMetadata Create (0.3ms)[0m  [1m[32mINSERT INTO "ar_internal_metadata" ("key", "value", "created_at", "updated_at") VALUES (?, ?, ?, ?)[0m  [["key", "environment"], ["value", "development"], ["created_at", "2019-08-20 12:01:52.901232"], ["updated_at", "2019-08-20 12:01:52.901232"]]
  ↳ bin/rails:9
  [1m[35m (0.8ms)[0m  [1m[36mcommit transaction[0m
  ↳ bin/rails:9
  [1m[35m (0.1ms)[0m  [1m[34mSELECT "schema_migrations"."version" FROM "schema_migrations" ORDER BY "schema_migrations"."version" ASC[0m
  ↳ bin/rails:9
  [1m[35m (0.2ms)[0m  [1m[34mSELECT "schema_migrations"."version" FROM "schema_migrations" ORDER BY "schema_migrations"."version" ASC[0m
  ↳ bin/rails:9
  [1m[35m (0.0ms)[0m  [1m[36mbegin transaction[0m
  ↳ db/seeds.rb:9
  [1m[36mPuppy Create (2.0ms)[0m  [1m[32mINSERT INTO "puppies" ("name", "breed", "age", "created_at", "updated_at") VALUES (?, ?, ?, ?, ?)[0m  [["name", "Sammy"], ["breed", "Labrador"], ["age", 3], ["created_at", "2019-08-20 12:03:55.807504"], ["updated_at", "2019-08-20 12:03:55.807504"]]
  ↳ db/seeds.rb:9
  [1m[35m (3.4ms)[0m  [1m[36mcommit transaction[0m
  ↳ db/seeds.rb:9
  [1m[35m (0.1ms)[0m  [1m[36mbegin transaction[0m
  ↳ db/seeds.rb:15
  [1m[36mPuppy Create (0.4ms)[0m  [1m[32mINSERT INTO "puppies" ("name", "breed", "age", "created_at", "updated_at") VALUES (?, ?, ?, ?, ?)[0m  [["name", "Terry"], ["breed", "Golden Retriver"], ["age", 5], ["created_at", "2019-08-20 12:03:55.816765"], ["updated_at", "2019-08-20 12:03:55.816765"]]
  ↳ db/seeds.rb:15
  [1m[35m (0.8ms)[0m  [1m[36mcommit transaction[0m
  ↳ db/seeds.rb:15
  [1m[35m (0.0ms)[0m  [1m[36mbegin transaction[0m
  ↳ db/seeds.rb:22
  [1m[36mPuppy Create (0.3ms)[0m  [1m[32mINSERT INTO "puppies" ("name", "breed", "age", "created_at", "updated_at") VALUES (?, ?, ?, ?, ?)[0m  [["name", "Jill"], ["breed", "Husky"], ["age", 9], ["created_at", "2019-08-20 12:03:55.820760"], ["updated_at", "2019-08-20 12:03:55.820760"]]
  ↳ db/seeds.rb:22
  [1m[35m (0.8ms)[0m  [1m[36mcommit transaction[0m
  ↳ db/seeds.rb:22
  [1m[36mPuppy Load (0.4ms)[0m  [1m[34mSELECT  "puppies".* FROM "puppies" LIMIT ?[0m  [["LIMIT", 11]]
Started GET "/" for ::1 at 2019-08-20 08:06:19 -0400
  
SyntaxError (/Users/david/bitmaker/wdi-september-2017/23-views-and-forms/student/puppies/config/routes.rb:3: syntax error, unexpected ':', expecting end
  resources: 'puppies'
           ^
/Users/david/bitmaker/wdi-september-2017/23-views-and-forms/student/puppies/config/routes.rb:5: syntax error, unexpected end, expecting end-of-input):
  
config/routes.rb:3: syntax error, unexpected ':', expecting end
config/routes.rb:5: syntax error, unexpected end, expecting end-of-input
Started GET "/" for ::1 at 2019-08-20 08:07:14 -0400
  [1m[35m (0.2ms)[0m  [1m[34mSELECT "schema_migrations"."version" FROM "schema_migrations" ORDER BY "schema_migrations"."version" ASC[0m
  ↳ /Users/david/.rvm/gems/ruby-2.6.3/gems/activerecord-5.2.3/lib/active_record/log_subscriber.rb:98
Processing by Rails::WelcomeController#index as HTML
  Rendering /Users/david/.rvm/gems/ruby-2.6.3/gems/railties-5.2.3/lib/rails/templates/rails/welcome/index.html.erb
  Rendered /Users/david/.rvm/gems/ruby-2.6.3/gems/railties-5.2.3/lib/rails/templates/rails/welcome/index.html.erb (2.2ms)
Completed 200 OK in 6ms (Views: 3.4ms | ActiveRecord: 0.0ms)


Started GET "/puppies" for ::1 at 2019-08-20 08:07:19 -0400
Processing by PuppiesController#index as HTML
  Rendering puppies/index.html.erb within layouts/application
  Rendered puppies/index.html.erb within layouts/application (0.4ms)
Completed 200 OK in 820ms (Views: 818.7ms | ActiveRecord: 0.0ms)


Started GET "/puppies" for ::1 at 2019-08-20 08:10:04 -0400
Processing by PuppiesController#index as HTML
  Rendering puppies/index.html.erb within layouts/application
  [1m[36mPuppy Load (0.2ms)[0m  [1m[34mSELECT "puppies".* FROM "puppies"[0m
  ↳ app/views/puppies/index.html.erb:3
  Rendered puppies/index.html.erb within layouts/application (8.2ms)
Completed 200 OK in 32ms (Views: 27.5ms | ActiveRecord: 0.6ms)


Started GET "/puppies" for ::1 at 2019-08-20 08:14:29 -0400
Processing by PuppiesController#index as HTML
  Rendering puppies/index.html.erb within layouts/application
  [1m[36mPuppy Load (0.5ms)[0m  [1m[34mSELECT  "puppies".* FROM "puppies" LIMIT ?[0m  [["LIMIT", 11]]
  ↳ /Users/david/.rvm/rubies/ruby-2.6.3/lib/ruby/gems/2.6.0/gems/did_you_mean-1.3.0/lib/did_you_mean/core_ext/name_error.rb:8
  [1m[36mCACHE Puppy Load (0.0ms)[0m  [1m[34mSELECT  "puppies".* FROM "puppies" LIMIT ?[0m  [["LIMIT", 11]]
  ↳ /Users/david/.rvm/rubies/ruby-2.6.3/lib/ruby/gems/2.6.0/gems/did_you_mean-1.3.0/lib/did_you_mean/core_ext/name_error.rb:8
  [1m[36mCACHE Puppy Load (0.0ms)[0m  [1m[34mSELECT  "puppies".* FROM "puppies" LIMIT ?[0m  [["LIMIT", 11]]
  ↳ /Users/david/.rvm/rubies/ruby-2.6.3/lib/ruby/gems/2.6.0/gems/did_you_mean-1.3.0/lib/did_you_mean/core_ext/name_error.rb:8
  [1m[36mCACHE Puppy Load (0.0ms)[0m  [1m[34mSELECT  "puppies".* FROM "puppies" LIMIT ?[0m  [["LIMIT", 11]]
  ↳ /Users/david/.rvm/rubies/ruby-2.6.3/lib/ruby/gems/2.6.0/gems/did_you_mean-1.3.0/lib/did_you_mean/core_ext/name_error.rb:8
  [1m[36mCACHE Puppy Load (0.0ms)[0m  [1m[34mSELECT  "puppies".* FROM "puppies" LIMIT ?[0m  [["LIMIT", 11]]
  ↳ /Users/david/.rvm/rubies/ruby-2.6.3/lib/ruby/gems/2.6.0/gems/did_you_mean-1.3.0/lib/did_you_mean/core_ext/name_error.rb:4
  [1m[36mCACHE Puppy Load (0.0ms)[0m  [1m[34mSELECT  "puppies".* FROM "puppies" LIMIT ?[0m  [["LIMIT", 11]]
  ↳ /Users/david/.rvm/rubies/ruby-2.6.3/lib/ruby/gems/2.6.0/gems/did_you_mean-1.3.0/lib/did_you_mean/core_ext/name_error.rb:4
  [1m[36mCACHE Puppy Load (0.0ms)[0m  [1m[34mSELECT  "puppies".* FROM "puppies" LIMIT ?[0m  [["LIMIT", 11]]
  ↳ /Users/david/.rvm/rubies/ruby-2.6.3/lib/ruby/gems/2.6.0/gems/did_you_mean-1.3.0/lib/did_you_mean/core_ext/name_error.rb:4
  [1m[36mCACHE Puppy Load (0.0ms)[0m  [1m[34mSELECT  "puppies".* FROM "puppies" LIMIT ?[0m  [["LIMIT", 11]]
  ↳ /Users/david/.rvm/rubies/ruby-2.6.3/lib/ruby/gems/2.6.0/gems/did_you_mean-1.3.0/lib/did_you_mean/core_ext/name_error.rb:4
  Rendered puppies/index.html.erb within layouts/application (289.9ms)
Completed 500 Internal Server Error in 295ms (ActiveRecord: 1.3ms)


  
ActionView::Template::Error (undefined local variable or method `new_puppy' for #<#<Class:0x00007ffce73d5d10>:0x00007ffce73d4410>
Did you mean?  new_puppy_url):
    1: <h1>Puppies</h1>
    2: 
    3: <p> <%= link_to 'Create new puppy', new_puppy %> </p>
    4: 
    5: <% @puppies.each do |puppy| %>
    6:   <p><%= puppy.name %> </p>
  
app/views/puppies/index.html.erb:3:in `_app_views_puppies_index_html_erb__3858957254193719654_70362094023220'
Started GET "/puppies" for ::1 at 2019-08-20 08:16:59 -0400
Processing by PuppiesController#index as HTML
  Rendering puppies/index.html.erb within layouts/application
  [1m[36mPuppy Load (1.1ms)[0m  [1m[34mSELECT "puppies".* FROM "puppies"[0m
  ↳ app/views/puppies/index.html.erb:5
  Rendered puppies/index.html.erb within layouts/application (7.5ms)
Completed 200 OK in 63ms (Views: 42.4ms | ActiveRecord: 1.1ms)


Started GET "/puppies/new" for ::1 at 2019-08-20 08:17:01 -0400
Processing by PuppiesController#new as HTML
  Rendering puppies/new.html.erb within layouts/application
  Rendered puppies/new.html.erb within layouts/application (0.5ms)
Completed 200 OK in 29ms (Views: 27.4ms | ActiveRecord: 0.0ms)


Started GET "/puppies/new" for ::1 at 2019-08-20 08:17:03 -0400
Processing by PuppiesController#new as HTML
  Rendering puppies/new.html.erb within layouts/application
  Rendered puppies/new.html.erb within layouts/application (0.5ms)
Completed 200 OK in 109ms (Views: 101.1ms | ActiveRecord: 0.0ms)


Started GET "/puppies" for ::1 at 2019-08-20 08:21:07 -0400
Processing by PuppiesController#index as HTML
  Rendering puppies/index.html.erb within layouts/application
  [1m[36mPuppy Load (1.5ms)[0m  [1m[34mSELECT "puppies".* FROM "puppies"[0m
  ↳ app/views/puppies/index.html.erb:5
  Rendered puppies/index.html.erb within layouts/application (4.5ms)
Completed 200 OK in 36ms (Views: 32.3ms | ActiveRecord: 1.5ms)


Started GET "/puppies/new" for ::1 at 2019-08-20 08:21:09 -0400
Processing by PuppiesController#new as HTML
  Rendering puppies/new.html.erb within layouts/application
  Rendered puppies/new.html.erb within layouts/application (1.1ms)
Completed 200 OK in 42ms (Views: 34.1ms | ActiveRecord: 0.0ms)


Started GET "/puppies/new" for ::1 at 2019-08-20 08:21:57 -0400
Processing by PuppiesController#new as HTML
  Rendering puppies/new.html.erb within layouts/application
  Rendered puppies/new.html.erb within layouts/application (1.1ms)
Completed 200 OK in 36ms (Views: 33.9ms | ActiveRecord: 0.0ms)


Started GET "/puppies/new" for ::1 at 2019-08-20 08:21:59 -0400
Processing by PuppiesController#new as HTML
  Rendering puppies/new.html.erb within layouts/application
  Rendered puppies/new.html.erb within layouts/application (1.3ms)
Completed 200 OK in 48ms (Views: 44.6ms | ActiveRecord: 0.0ms)


Started GET "/puppies/new" for ::1 at 2019-08-20 08:22:02 -0400
Processing by PuppiesController#new as HTML
  Rendering puppies/new.html.erb within layouts/application
  Rendered puppies/new.html.erb within layouts/application (1.4ms)
Completed 200 OK in 24ms (Views: 20.3ms | ActiveRecord: 0.0ms)


Started GET "/puppies/new" for ::1 at 2019-08-20 08:25:09 -0400
Processing by PuppiesController#new as HTML
  Rendering puppies/new.html.erb within layouts/application
  Rendered puppies/new.html.erb within layouts/application (1.0ms)
Completed 200 OK in 39ms (Views: 37.6ms | ActiveRecord: 0.0ms)


Started GET "/puppies/new" for ::1 at 2019-08-20 08:26:08 -0400
Processing by PuppiesController#new as HTML
  Rendering puppies/new.html.erb within layouts/application
  Rendered puppies/new.html.erb within layouts/application (2.0ms)
Completed 200 OK in 34ms (Views: 32.7ms | ActiveRecord: 0.0ms)


Started GET "/puppies/new" for ::1 at 2019-08-20 08:27:49 -0400
Processing by PuppiesController#new as HTML
  Rendering puppies/new.html.erb within layouts/application
  Rendered puppies/new.html.erb within layouts/application (1.2ms)
Completed 200 OK in 25ms (Views: 20.0ms | ActiveRecord: 0.0ms)


Started GET "/puppies/new" for ::1 at 2019-08-20 08:30:21 -0400
Processing by PuppiesController#new as HTML
  Rendering puppies/new.html.erb within layouts/application
  Rendered puppies/new.html.erb within layouts/application (1.6ms)
Completed 500 Internal Server Error in 5ms (ActiveRecord: 0.0ms)


  
ActionView::Template::Error (wrong number of arguments (given 1, expected 2..4)):
    1: <h1>Create a new Puppy</h1>
    2: 
    3: <%= form_tag puppies_path do %>
    4:   <%= label :name %>
    5:   <%= text_field_tag :name %>
    6: 
    7:   <%= label :breed %>
  
app/views/puppies/new.html.erb:4:in `block in _app_views_puppies_new_html_erb__857007026408534907_70362064837560'
app/views/puppies/new.html.erb:3:in `_app_views_puppies_new_html_erb__857007026408534907_70362064837560'
Started GET "/puppies/new" for ::1 at 2019-08-20 08:30:38 -0400
Processing by PuppiesController#new as HTML
  Rendering puppies/new.html.erb within layouts/application
  Rendered puppies/new.html.erb within layouts/application (163.6ms)
Completed 500 Internal Server Error in 168ms (ActiveRecord: 0.0ms)


  
ActionView::Template::Error (undefined local variable or method `helper' for #<#<Class:0x00007ffce73d5d10>:0x00007ffce4739608>):
    1: <h1>Create a new Puppy</h1>
    2: 
    3: <%= form_tag puppies_path do %>
    4:   <%= helper.label :name %>
    5:   <%= text_field_tag :name %>
    6: 
    7:   <%= helper.label :breed %>
  
app/views/puppies/new.html.erb:4:in `block in _app_views_puppies_new_html_erb__857007026408534907_70362070634260'
app/views/puppies/new.html.erb:3:in `_app_views_puppies_new_html_erb__857007026408534907_70362070634260'
Started GET "/puppies/new" for ::1 at 2019-08-20 08:30:39 -0400
Processing by PuppiesController#new as HTML
  Rendering puppies/new.html.erb within layouts/application
  Rendered puppies/new.html.erb within layouts/application (194.6ms)
Completed 500 Internal Server Error in 204ms (ActiveRecord: 0.0ms)


  
ActionView::Template::Error (undefined local variable or method `helper' for #<#<Class:0x00007ffce73d5d10>:0x00007ffce3b8a578>):
    1: <h1>Create a new Puppy</h1>
    2: 
    3: <%= form_tag puppies_path do %>
    4:   <%= helper.label :name %>
    5:   <%= text_field_tag :name %>
    6: 
    7:   <%= helper.label :breed %>
  
app/views/puppies/new.html.erb:4:in `block in _app_views_puppies_new_html_erb__857007026408534907_70362064510260'
app/views/puppies/new.html.erb:3:in `_app_views_puppies_new_html_erb__857007026408534907_70362064510260'
Started GET "/puppies/new" for ::1 at 2019-08-20 08:30:40 -0400
Processing by PuppiesController#new as HTML
  Rendering puppies/new.html.erb within layouts/application
  Rendered puppies/new.html.erb within layouts/application (185.5ms)
Completed 500 Internal Server Error in 191ms (ActiveRecord: 0.0ms)


  
ActionView::Template::Error (undefined local variable or method `helper' for #<#<Class:0x00007ffce73d5d10>:0x00007ffce3a59410>):
    1: <h1>Create a new Puppy</h1>
    2: 
    3: <%= form_tag puppies_path do %>
    4:   <%= helper.label :name %>
    5:   <%= text_field_tag :name %>
    6: 
    7:   <%= helper.label :breed %>
  
app/views/puppies/new.html.erb:4:in `block in _app_views_puppies_new_html_erb__857007026408534907_70362063885380'
app/views/puppies/new.html.erb:3:in `_app_views_puppies_new_html_erb__857007026408534907_70362063885380'
Started GET "/puppies/new" for ::1 at 2019-08-20 08:33:41 -0400
Processing by PuppiesController#new as HTML
  Rendering puppies/new.html.erb within layouts/application
  Rendered puppies/new.html.erb within layouts/application (6.7ms)
Completed 200 OK in 38ms (Views: 36.6ms | ActiveRecord: 0.0ms)


Started POST "/puppies" for ::1 at 2019-08-20 08:33:50 -0400
Processing by PuppiesController#create as HTML
  Parameters: {"utf8"=>"✓", "authenticity_token"=>"DilRYpZH6GoOYECyVVX44pSLC4b0DLQYD4KPRHhZ//SSLcuvdZ84HnDLGsD2UpJ5LZF2wETrmAt0LA5d/E+7wA==", "name"=>"doug", "breed"=>"Lab", "age"=>"10", "commit"=>"Save changes"}
No template found for PuppiesController#create, rendering head :no_content
Completed 204 No Content in 34ms (ActiveRecord: 0.0ms)


Started GET "/puppies/new" for ::1 at 2019-08-20 08:37:08 -0400
Processing by PuppiesController#new as HTML
  Rendering puppies/new.html.erb within layouts/application
  Rendered puppies/new.html.erb within layouts/application (0.7ms)
Completed 200 OK in 20ms (Views: 18.8ms | ActiveRecord: 0.0ms)


Started POST "/puppies" for ::1 at 2019-08-20 08:37:19 -0400
Processing by PuppiesController#create as HTML
  Parameters: {"utf8"=>"✓", "authenticity_token"=>"Y+bNUHQsQG7YV1rlfc32Fkqi8eH37w5P9NqHckCqcgf/4ledl/SQGqb8AJfeypyN87iMp0cIIlyPdAZrxLw2Mw==", "name"=>"sarah", "breed"=>"retriever", "age"=>"8", "commit"=>"Save changes"}
  [1m[35m (0.1ms)[0m  [1m[36mbegin transaction[0m
  ↳ app/controllers/puppies_controller.rb:18
  [1m[36mPuppy Create (1.0ms)[0m  [1m[32mINSERT INTO "puppies" ("name", "breed", "age", "created_at", "updated_at") VALUES (?, ?, ?, ?, ?)[0m  [["name", "sarah"], ["breed", "retriever"], ["age", 8], ["created_at", "2019-08-20 12:37:19.872775"], ["updated_at", "2019-08-20 12:37:19.872775"]]
  ↳ app/controllers/puppies_controller.rb:18
  [1m[35m (1.8ms)[0m  [1m[36mcommit transaction[0m
  ↳ app/controllers/puppies_controller.rb:18
Redirected to http://localhost:3000/puppies
Completed 302 Found in 20ms (ActiveRecord: 3.9ms)


Started GET "/puppies" for ::1 at 2019-08-20 08:37:19 -0400
Processing by PuppiesController#index as HTML
  Rendering puppies/index.html.erb within layouts/application
  [1m[36mPuppy Load (0.2ms)[0m  [1m[34mSELECT "puppies".* FROM "puppies"[0m
  ↳ app/views/puppies/index.html.erb:5
  Rendered puppies/index.html.erb within layouts/application (1.5ms)
Completed 200 OK in 34ms (Views: 30.6ms | ActiveRecord: 0.2ms)


Started GET "/puppies" for ::1 at 2019-08-20 08:44:06 -0400
Processing by PuppiesController#index as HTML
  Rendering puppies/index.html.erb within layouts/application
  [1m[36mPuppy Load (0.2ms)[0m  [1m[34mSELECT "puppies".* FROM "puppies"[0m
  ↳ app/views/puppies/index.html.erb:5
  Rendered puppies/index.html.erb within layouts/application (7.4ms)
Completed 200 OK in 35ms (Views: 30.3ms | ActiveRecord: 0.6ms)


Started GET "/puppies/new" for ::1 at 2019-08-20 08:44:09 -0400
Processing by PuppiesController#new as HTML
  Rendering puppies/new.html.erb within layouts/application
  Rendered puppies/new.html.erb within layouts/application (46.9ms)
Completed 200 OK in 78ms (Views: 70.9ms | ActiveRecord: 0.0ms)


Started GET "/puppies/new" for ::1 at 2019-08-20 08:44:39 -0400
Processing by PuppiesController#new as HTML
  Rendering puppies/new.html.erb within layouts/application
  Rendered puppies/new.html.erb within layouts/application (2.4ms)
Completed 200 OK in 28ms (Views: 26.9ms | ActiveRecord: 0.0ms)


Started GET "/puppies/new" for ::1 at 2019-08-20 08:44:41 -0400
Processing by PuppiesController#new as HTML
  Rendering puppies/new.html.erb within layouts/application
  Rendered puppies/new.html.erb within layouts/application (4.6ms)
Completed 200 OK in 24ms (Views: 22.2ms | ActiveRecord: 0.0ms)


Started GET "/puppies/new" for ::1 at 2019-08-20 08:45:39 -0400
Processing by PuppiesController#new as HTML
  [1m[36mPuppy Load (0.1ms)[0m  [1m[34mSELECT  "puppies".* FROM "puppies" ORDER BY "puppies"."id" ASC LIMIT ?[0m  [["LIMIT", 1]]
  ↳ app/controllers/puppies_controller.rb:8
  Rendering puppies/new.html.erb within layouts/application
  Rendered puppies/new.html.erb within layouts/application (2.5ms)
Completed 200 OK in 24ms (Views: 12.4ms | ActiveRecord: 0.7ms)


Started GET "/puppies/new" for ::1 at 2019-08-20 08:46:21 -0400
Processing by PuppiesController#new as HTML
  Rendering puppies/new.html.erb within layouts/application
  Rendered puppies/new.html.erb within layouts/application (2.1ms)
Completed 200 OK in 36ms (Views: 26.8ms | ActiveRecord: 0.4ms)


Started POST "/puppies" for ::1 at 2019-08-20 08:46:42 -0400
Processing by PuppiesController#create as HTML
  Parameters: {"utf8"=>"✓", "authenticity_token"=>"JjFMACZ4wShuv6k/5/OIeok2lPS/TKb1AWg0ujNp3Yi6NdbNxaARXBAU801E9OLhMCzpsg+riuZ6xrWjt3+ZvA==", "puppy"=>{"name"=>"Tim", "breed"=>"Dalmation", "age"=>"0"}, "commit"=>"Create Puppy"}
  [1m[35m (0.1ms)[0m  [1m[36mbegin transaction[0m
  ↳ app/controllers/puppies_controller.rb:19
  [1m[36mPuppy Create (0.8ms)[0m  [1m[32mINSERT INTO "puppies" ("created_at", "updated_at") VALUES (?, ?)[0m  [["created_at", "2019-08-20 12:46:42.520038"], ["updated_at", "2019-08-20 12:46:42.520038"]]
  ↳ app/controllers/puppies_controller.rb:19
  [1m[35m (4.8ms)[0m  [1m[36mcommit transaction[0m
  ↳ app/controllers/puppies_controller.rb:19
Redirected to http://localhost:3000/puppies
Completed 302 Found in 11ms (ActiveRecord: 5.7ms)


Started GET "/puppies" for ::1 at 2019-08-20 08:46:42 -0400
Processing by PuppiesController#index as HTML
  Rendering puppies/index.html.erb within layouts/application
  [1m[36mPuppy Load (0.2ms)[0m  [1m[34mSELECT "puppies".* FROM "puppies"[0m
  ↳ app/views/puppies/index.html.erb:5
  Rendered puppies/index.html.erb within layouts/application (1.5ms)
Completed 200 OK in 23ms (Views: 21.2ms | ActiveRecord: 0.2ms)


Started GET "/puppies/new" for ::1 at 2019-08-20 08:46:48 -0400
Processing by PuppiesController#new as HTML
  Rendering puppies/new.html.erb within layouts/application
  Rendered puppies/new.html.erb within layouts/application (2.5ms)
Completed 200 OK in 37ms (Views: 31.8ms | ActiveRecord: 0.0ms)


Started GET "/puppies/new" for ::1 at 2019-08-20 08:53:00 -0400
Processing by PuppiesController#new as HTML
  Rendering puppies/new.html.erb within layouts/application
  Rendered puppies/new.html.erb within layouts/application (4.3ms)
Completed 200 OK in 44ms (Views: 33.6ms | ActiveRecord: 0.5ms)


Started GET "/puppies" for ::1 at 2019-08-20 08:53:01 -0400
Processing by PuppiesController#index as HTML
  Rendering puppies/index.html.erb within layouts/application
  [1m[36mPuppy Load (0.2ms)[0m  [1m[34mSELECT "puppies".* FROM "puppies"[0m
  ↳ app/views/puppies/index.html.erb:5
  Rendered puppies/index.html.erb within layouts/application (2.9ms)
Completed 200 OK in 30ms (Views: 22.9ms | ActiveRecord: 0.2ms)


Started POST "/puppies" for ::1 at 2019-08-20 08:53:04 -0400
Processing by PuppiesController#create as HTML
  Parameters: {"utf8"=>"✓", "authenticity_token"=>"xdaGAsUBHjIt14tJxmh5Yl9v7ipw5gmW+quTdXG9mmpZ0hzPJtnORlN80TtlbxP55nWTbMABJYWBBRJs9aveXg==", "puppy"=>{"name"=>"Tim", "breed"=>"Dalmation", "age"=>"0"}, "commit"=>"Create Puppy"}
  [1m[35m (0.1ms)[0m  [1m[36mbegin transaction[0m
  ↳ app/controllers/puppies_controller.rb:19
  [1m[36mPuppy Create (0.8ms)[0m  [1m[32mINSERT INTO "puppies" ("name", "breed", "age", "created_at", "updated_at") VALUES (?, ?, ?, ?, ?)[0m  [["name", "Tim"], ["breed", "Dalmation"], ["age", 0], ["created_at", "2019-08-20 12:53:04.546006"], ["updated_at", "2019-08-20 12:53:04.546006"]]
  ↳ app/controllers/puppies_controller.rb:19
  [1m[35m (1.8ms)[0m  [1m[36mcommit transaction[0m
  ↳ app/controllers/puppies_controller.rb:19
Redirected to http://localhost:3000/puppies
Completed 302 Found in 12ms (ActiveRecord: 2.7ms)


Started GET "/puppies" for ::1 at 2019-08-20 08:53:04 -0400
Processing by PuppiesController#index as HTML
  Rendering puppies/index.html.erb within layouts/application
  [1m[36mPuppy Load (0.1ms)[0m  [1m[34mSELECT "puppies".* FROM "puppies"[0m
  ↳ app/views/puppies/index.html.erb:5
  Rendered puppies/index.html.erb within layouts/application (1.2ms)
Completed 200 OK in 18ms (Views: 17.0ms | ActiveRecord: 0.1ms)


Started GET "/puppies" for ::1 at 2019-08-20 09:00:32 -0400
Processing by PuppiesController#index as HTML
  Rendering puppies/index.html.erb within layouts/application
  [1m[36mPuppy Load (0.2ms)[0m  [1m[34mSELECT "puppies".* FROM "puppies"[0m
  ↳ app/views/puppies/index.html.erb:5
  Rendered puppies/_one_puppy.html.erb (0.7ms)
  Rendered puppies/_one_puppy.html.erb (0.7ms)
  Rendered puppies/_one_puppy.html.erb (0.1ms)
  Rendered puppies/_one_puppy.html.erb (0.1ms)
  Rendered puppies/_one_puppy.html.erb (0.1ms)
  Rendered puppies/_one_puppy.html.erb (0.1ms)
  Rendered puppies/index.html.erb within layouts/application (15.1ms)
Completed 200 OK in 77ms (Views: 73.1ms | ActiveRecord: 0.6ms)


Started GET "/puppies/1" for ::1 at 2019-08-20 09:01:28 -0400
Processing by PuppiesController#show as HTML
  Parameters: {"id"=>"1"}
  [1m[36mPuppy Load (0.8ms)[0m  [1m[34mSELECT  "puppies".* FROM "puppies" WHERE "puppies"."id" = ? LIMIT ?[0m  [["id", 1], ["LIMIT", 1]]
  ↳ app/controllers/puppies_controller.rb:26
  Rendering puppies/show.html.erb within layouts/application
  Rendered puppies/_one_puppy.html.erb (0.4ms)
  Rendered puppies/show.html.erb within layouts/application (1.7ms)
Completed 200 OK in 33ms (Views: 14.5ms | ActiveRecord: 0.8ms)


Started GET "/" for ::1 at 2019-08-21 08:06:58 -0400
  [1m[35m (0.4ms)[0m  [1m[34mSELECT "schema_migrations"."version" FROM "schema_migrations" ORDER BY "schema_migrations"."version" ASC[0m
  ↳ /Users/david/.rvm/gems/ruby-2.6.3/gems/activerecord-5.2.3/lib/active_record/log_subscriber.rb:98
Processing by Rails::WelcomeController#index as HTML
  Rendering /Users/david/.rvm/gems/ruby-2.6.3/gems/railties-5.2.3/lib/rails/templates/rails/welcome/index.html.erb
  Rendered /Users/david/.rvm/gems/ruby-2.6.3/gems/railties-5.2.3/lib/rails/templates/rails/welcome/index.html.erb (4.2ms)
Completed 200 OK in 18ms (Views: 10.1ms | ActiveRecord: 0.0ms)


Started GET "/puppy/1/edit" for ::1 at 2019-08-21 08:07:10 -0400
  
ActionController::RoutingError (No route matches [GET] "/puppy/1/edit"):
  
actionpack (5.2.3) lib/action_dispatch/middleware/debug_exceptions.rb:65:in `call'
web-console (3.7.0) lib/web_console/middleware.rb:135:in `call_app'
web-console (3.7.0) lib/web_console/middleware.rb:30:in `block in call'
web-console (3.7.0) lib/web_console/middleware.rb:20:in `catch'
web-console (3.7.0) lib/web_console/middleware.rb:20:in `call'
actionpack (5.2.3) lib/action_dispatch/middleware/show_exceptions.rb:33:in `call'
railties (5.2.3) lib/rails/rack/logger.rb:38:in `call_app'
railties (5.2.3) lib/rails/rack/logger.rb:26:in `block in call'
activesupport (5.2.3) lib/active_support/tagged_logging.rb:71:in `block in tagged'
activesupport (5.2.3) lib/active_support/tagged_logging.rb:28:in `tagged'
activesupport (5.2.3) lib/active_support/tagged_logging.rb:71:in `tagged'
railties (5.2.3) lib/rails/rack/logger.rb:26:in `call'
sprockets-rails (3.2.1) lib/sprockets/rails/quiet_assets.rb:13:in `call'
actionpack (5.2.3) lib/action_dispatch/middleware/remote_ip.rb:81:in `call'
actionpack (5.2.3) lib/action_dispatch/middleware/request_id.rb:27:in `call'
rack (2.0.7) lib/rack/method_override.rb:22:in `call'
rack (2.0.7) lib/rack/runtime.rb:22:in `call'
activesupport (5.2.3) lib/active_support/cache/strategy/local_cache_middleware.rb:29:in `call'
actionpack (5.2.3) lib/action_dispatch/middleware/executor.rb:14:in `call'
actionpack (5.2.3) lib/action_dispatch/middleware/static.rb:127:in `call'
rack (2.0.7) lib/rack/sendfile.rb:111:in `call'
railties (5.2.3) lib/rails/engine.rb:524:in `call'
puma (3.12.1) lib/puma/configuration.rb:227:in `call'
puma (3.12.1) lib/puma/server.rb:660:in `handle_request'
puma (3.12.1) lib/puma/server.rb:474:in `process_client'
puma (3.12.1) lib/puma/server.rb:334:in `block in run'
puma (3.12.1) lib/puma/thread_pool.rb:135:in `block in spawn_thread'
Started GET "/puppies/1/edit" for ::1 at 2019-08-21 08:07:40 -0400
Processing by PuppiesController#edit as HTML
  Parameters: {"id"=>"1"}
  [1m[36mPuppy Load (0.6ms)[0m  [1m[34mSELECT  "puppies".* FROM "puppies" WHERE "puppies"."id" = ? LIMIT ?[0m  [["id", 1], ["LIMIT", 1]]
  ↳ app/controllers/puppies_controller.rb:31
  Rendering puppies/edit.html.erb within layouts/application
  Rendered puppies/edit.html.erb within layouts/application (0.3ms)
Completed 200 OK in 208ms (Views: 193.9ms | ActiveRecord: 1.1ms)


Started GET "/puppies/1/edit" for ::1 at 2019-08-21 08:08:37 -0400
Processing by PuppiesController#edit as HTML
  Parameters: {"id"=>"1"}
  [1m[36mPuppy Load (1.6ms)[0m  [1m[34mSELECT  "puppies".* FROM "puppies" WHERE "puppies"."id" = ? LIMIT ?[0m  [["id", 1], ["LIMIT", 1]]
  ↳ app/controllers/puppies_controller.rb:31
  Rendering puppies/edit.html.erb within layouts/application
  Rendered puppies/edit.html.erb within layouts/application (25.7ms)
Completed 200 OK in 55ms (Views: 51.5ms | ActiveRecord: 1.6ms)


Started GET "/puppies/1/edit" for ::1 at 2019-08-21 08:10:10 -0400
Processing by PuppiesController#edit as HTML
  Parameters: {"id"=>"1"}
  [1m[36mPuppy Load (0.1ms)[0m  [1m[34mSELECT  "puppies".* FROM "puppies" WHERE "puppies"."id" = ? LIMIT ?[0m  [["id", 1], ["LIMIT", 1]]
  ↳ app/controllers/puppies_controller.rb:31
  Rendering puppies/edit.html.erb within layouts/application
  Rendered puppies/_puppy_form.html.erb (2.3ms)
  Rendered puppies/edit.html.erb within layouts/application (3.6ms)
Completed 200 OK in 22ms (Views: 19.9ms | ActiveRecord: 0.1ms)


Started GET "/puppies/1/edit" for ::1 at 2019-08-21 08:10:11 -0400
Processing by PuppiesController#edit as HTML
  Parameters: {"id"=>"1"}
  [1m[36mPuppy Load (0.1ms)[0m  [1m[34mSELECT  "puppies".* FROM "puppies" WHERE "puppies"."id" = ? LIMIT ?[0m  [["id", 1], ["LIMIT", 1]]
  ↳ app/controllers/puppies_controller.rb:31
  Rendering puppies/edit.html.erb within layouts/application
  Rendered puppies/_puppy_form.html.erb (1.5ms)
  Rendered puppies/edit.html.erb within layouts/application (2.2ms)
Completed 200 OK in 15ms (Views: 13.1ms | ActiveRecord: 0.1ms)


Started GET "/puppies/1/edit" for ::1 at 2019-08-21 08:10:12 -0400
Processing by PuppiesController#edit as HTML
  Parameters: {"id"=>"1"}
  [1m[36mPuppy Load (0.1ms)[0m  [1m[34mSELECT  "puppies".* FROM "puppies" WHERE "puppies"."id" = ? LIMIT ?[0m  [["id", 1], ["LIMIT", 1]]
  ↳ app/controllers/puppies_controller.rb:31
  Rendering puppies/edit.html.erb within layouts/application
  Rendered puppies/_puppy_form.html.erb (1.5ms)
  Rendered puppies/edit.html.erb within layouts/application (2.2ms)
Completed 200 OK in 13ms (Views: 12.0ms | ActiveRecord: 0.1ms)


Started GET "/puppies/1/edit" for ::1 at 2019-08-21 08:10:16 -0400
Processing by PuppiesController#edit as HTML
  Parameters: {"id"=>"1"}
  [1m[36mPuppy Load (0.5ms)[0m  [1m[34mSELECT  "puppies".* FROM "puppies" WHERE "puppies"."id" = ? LIMIT ?[0m  [["id", 1], ["LIMIT", 1]]
  ↳ app/controllers/puppies_controller.rb:31
  Rendering puppies/edit.html.erb within layouts/application
  Rendered puppies/edit.html.erb within layouts/application (0.3ms)
Completed 200 OK in 16ms (Views: 11.5ms | ActiveRecord: 0.5ms)


Started GET "/puppies/1/edit" for ::1 at 2019-08-21 08:10:21 -0400
Processing by PuppiesController#edit as HTML
  Parameters: {"id"=>"1"}
  [1m[36mPuppy Load (0.4ms)[0m  [1m[34mSELECT  "puppies".* FROM "puppies" WHERE "puppies"."id" = ? LIMIT ?[0m  [["id", 1], ["LIMIT", 1]]
  ↳ app/controllers/puppies_controller.rb:31
  Rendering puppies/edit.html.erb within layouts/application
  Rendered puppies/_puppy_form.html.erb (1.7ms)
  Rendered puppies/edit.html.erb within layouts/application (2.7ms)
Completed 200 OK in 19ms (Views: 14.4ms | ActiveRecord: 0.4ms)


Started PATCH "/puppies/1" for ::1 at 2019-08-21 08:10:28 -0400
Processing by PuppiesController#update as HTML
  Parameters: {"utf8"=>"✓", "authenticity_token"=>"ZFLB2bhuWiganOrFtpRE5HfvpUU0IS28NQJ/1gc9PRf4VlsUW7aKXGQ3sLcVky5/zvXYA4TGAa9OrP7Pgyt5Iw==", "puppy"=>{"name"=>"Samantha", "breed"=>"Labrador", "age"=>"3"}, "commit"=>"Update Puppy", "id"=>"1"}
No template found for PuppiesController#update, rendering head :no_content
Completed 204 No Content in 27ms (ActiveRecord: 0.0ms)


Started GET "/puppies/1/edit" for ::1 at 2019-08-21 08:10:35 -0400
Processing by PuppiesController#edit as HTML
  Parameters: {"id"=>"1"}
  [1m[36mPuppy Load (0.2ms)[0m  [1m[34mSELECT  "puppies".* FROM "puppies" WHERE "puppies"."id" = ? LIMIT ?[0m  [["id", 1], ["LIMIT", 1]]
  ↳ app/controllers/puppies_controller.rb:31
  Rendering puppies/edit.html.erb within layouts/application
  Rendered puppies/_puppy_form.html.erb (1.6ms)
  Rendered puppies/edit.html.erb within layouts/application (2.8ms)
Completed 200 OK in 21ms (Views: 13.9ms | ActiveRecord: 0.2ms)


Started GET "/puppies/1/edit" for ::1 at 2019-08-21 08:10:38 -0400
Processing by PuppiesController#edit as HTML
  Parameters: {"id"=>"1"}
  [1m[36mPuppy Load (0.3ms)[0m  [1m[34mSELECT  "puppies".* FROM "puppies" WHERE "puppies"."id" = ? LIMIT ?[0m  [["id", 1], ["LIMIT", 1]]
  ↳ app/controllers/puppies_controller.rb:31
  Rendering puppies/edit.html.erb within layouts/application
  Rendered puppies/_puppy_form.html.erb (1.4ms)
  Rendered puppies/edit.html.erb within layouts/application (2.1ms)
Completed 200 OK in 20ms (Views: 14.8ms | ActiveRecord: 0.3ms)


Started GET "/puppies/1/edit" for ::1 at 2019-08-21 08:10:39 -0400
Processing by PuppiesController#edit as HTML
  Parameters: {"id"=>"1"}
  [1m[36mPuppy Load (0.3ms)[0m  [1m[34mSELECT  "puppies".* FROM "puppies" WHERE "puppies"."id" = ? LIMIT ?[0m  [["id", 1], ["LIMIT", 1]]
  ↳ app/controllers/puppies_controller.rb:31
  Rendering puppies/edit.html.erb within layouts/application
  Rendered puppies/_puppy_form.html.erb (1.4ms)
  Rendered puppies/edit.html.erb within layouts/application (2.4ms)
Completed 200 OK in 19ms (Views: 15.5ms | ActiveRecord: 0.3ms)


Started GET "/puppies/1/edit" for ::1 at 2019-08-21 08:10:40 -0400
Processing by PuppiesController#edit as HTML
  Parameters: {"id"=>"1"}
  [1m[36mPuppy Load (0.1ms)[0m  [1m[34mSELECT  "puppies".* FROM "puppies" WHERE "puppies"."id" = ? LIMIT ?[0m  [["id", 1], ["LIMIT", 1]]
  ↳ app/controllers/puppies_controller.rb:31
  Rendering puppies/edit.html.erb within layouts/application
  Rendered puppies/_puppy_form.html.erb (1.5ms)
  Rendered puppies/edit.html.erb within layouts/application (2.2ms)
Completed 200 OK in 23ms (Views: 21.1ms | ActiveRecord: 0.1ms)


Started PATCH "/puppies/1" for ::1 at 2019-08-21 08:10:44 -0400
Processing by PuppiesController#update as HTML
  Parameters: {"utf8"=>"✓", "authenticity_token"=>"hPZ2om3T0tso4AZUwyrTQAYSM1Mc6ef5kCCQfcgM/T8Y8uxvjgsCr1ZLXCZgLbnbvwhOFawOy+rrjhFkTBq5Cw==", "puppy"=>{"name"=>"Sam", "breed"=>"Labrador", "age"=>"3"}, "commit"=>"Update Puppy", "id"=>"1"}
No template found for PuppiesController#update, rendering head :no_content
Completed 204 No Content in 24ms (ActiveRecord: 0.0ms)


Started GET "/puppies/1/edit" for ::1 at 2019-08-21 08:10:51 -0400
Processing by PuppiesController#edit as HTML
  Parameters: {"id"=>"1"}
  [1m[36mPuppy Load (0.5ms)[0m  [1m[34mSELECT  "puppies".* FROM "puppies" WHERE "puppies"."id" = ? LIMIT ?[0m  [["id", 1], ["LIMIT", 1]]
  ↳ app/controllers/puppies_controller.rb:31
  Rendering puppies/edit.html.erb within layouts/application
  Rendered puppies/_puppy_form.html.erb (2.2ms)
  Rendered puppies/edit.html.erb within layouts/application (3.2ms)
Completed 200 OK in 19ms (Views: 14.8ms | ActiveRecord: 0.5ms)


Started GET "/puppies/1/edit" for ::1 at 2019-08-21 08:15:14 -0400
Processing by PuppiesController#edit as HTML
  Parameters: {"id"=>"1"}
  [1m[36mPuppy Load (0.5ms)[0m  [1m[34mSELECT  "puppies".* FROM "puppies" WHERE "puppies"."id" = ? LIMIT ?[0m  [["id", 1], ["LIMIT", 1]]
  ↳ app/controllers/puppies_controller.rb:31
  Rendering puppies/edit.html.erb within layouts/application
  Rendered puppies/_puppy_form.html.erb (1.7ms)
  Rendered puppies/edit.html.erb within layouts/application (2.5ms)
Completed 200 OK in 29ms (Views: 19.4ms | ActiveRecord: 0.9ms)


Started PATCH "/puppies/1" for ::1 at 2019-08-21 08:15:16 -0400
Processing by PuppiesController#update as HTML
  Parameters: {"utf8"=>"✓", "authenticity_token"=>"VRchai4eV4aEBwDzF4pV6nG39hqAS4qsJEO4MhTR2O3JE7unzcaH8vqsWoG0jT9xyK2LXDCspr9f7TkrkMec2Q==", "puppy"=>{"name"=>"Sammy", "breed"=>"Labrador", "age"=>"3"}, "commit"=>"Update Puppy", "id"=>"1"}
  [1m[36mPuppy Load (0.2ms)[0m  [1m[34mSELECT  "puppies".* FROM "puppies" WHERE "puppies"."id" = ? LIMIT ?[0m  [["id", 1], ["LIMIT", 1]]
  ↳ app/controllers/puppies_controller.rb:35
  [1m[35m (0.1ms)[0m  [1m[36mbegin transaction[0m
  ↳ app/controllers/puppies_controller.rb:41
  [1m[35m (0.1ms)[0m  [1m[36mcommit transaction[0m
  ↳ app/controllers/puppies_controller.rb:41
Redirected to http://localhost:3000/puppies
Completed 302 Found in 5ms (ActiveRecord: 0.3ms)


Started GET "/puppies" for ::1 at 2019-08-21 08:15:16 -0400
Processing by PuppiesController#index as HTML
  Rendering puppies/index.html.erb within layouts/application
  [1m[36mPuppy Load (0.2ms)[0m  [1m[34mSELECT "puppies".* FROM "puppies"[0m
  ↳ app/views/puppies/index.html.erb:5
  Rendered puppies/_one_puppy.html.erb (0.6ms)
  Rendered puppies/_one_puppy.html.erb (0.1ms)
  Rendered puppies/_one_puppy.html.erb (0.0ms)
  Rendered puppies/_one_puppy.html.erb (0.0ms)
  Rendered puppies/_one_puppy.html.erb (0.0ms)
  Rendered puppies/_one_puppy.html.erb (0.0ms)
  Rendered puppies/index.html.erb within layouts/application (6.5ms)
Completed 200 OK in 18ms (Views: 15.9ms | ActiveRecord: 0.2ms)


Started PATCH "/puppies/1" for ::1 at 2019-08-21 08:15:50 -0400
Processing by PuppiesController#update as HTML
  Parameters: {"utf8"=>"✓", "authenticity_token"=>"VRchai4eV4aEBwDzF4pV6nG39hqAS4qsJEO4MhTR2O3JE7unzcaH8vqsWoG0jT9xyK2LXDCspr9f7TkrkMec2Q==", "puppy"=>{"name"=>"Sam", "breed"=>"Labrador", "age"=>"3"}, "commit"=>"Update Puppy", "id"=>"1"}
  [1m[36mPuppy Load (0.5ms)[0m  [1m[34mSELECT  "puppies".* FROM "puppies" WHERE "puppies"."id" = ? LIMIT ?[0m  [["id", 1], ["LIMIT", 1]]
  ↳ app/controllers/puppies_controller.rb:35
  [1m[35m (0.0ms)[0m  [1m[36mbegin transaction[0m
  ↳ app/controllers/puppies_controller.rb:41
  [1m[36mPuppy Update (2.3ms)[0m  [1m[33mUPDATE "puppies" SET "name" = ?, "updated_at" = ? WHERE "puppies"."id" = ?[0m  [["name", "Sam"], ["updated_at", "2019-08-21 12:15:50.140022"], ["id", 1]]
  ↳ app/controllers/puppies_controller.rb:41
  [1m[35m (1.2ms)[0m  [1m[36mcommit transaction[0m
  ↳ app/controllers/puppies_controller.rb:41
Redirected to http://localhost:3000/puppies
Completed 302 Found in 15ms (ActiveRecord: 4.5ms)


Started GET "/puppies" for ::1 at 2019-08-21 08:15:50 -0400
Processing by PuppiesController#index as HTML
  Rendering puppies/index.html.erb within layouts/application
  [1m[36mPuppy Load (0.1ms)[0m  [1m[34mSELECT "puppies".* FROM "puppies"[0m
  ↳ app/views/puppies/index.html.erb:5
  Rendered puppies/_one_puppy.html.erb (0.3ms)
  Rendered puppies/_one_puppy.html.erb (0.0ms)
  Rendered puppies/_one_puppy.html.erb (0.0ms)
  Rendered puppies/_one_puppy.html.erb (0.0ms)
  Rendered puppies/_one_puppy.html.erb (0.1ms)
  Rendered puppies/_one_puppy.html.erb (0.0ms)
  Rendered puppies/index.html.erb within layouts/application (4.1ms)
Completed 200 OK in 15ms (Views: 14.0ms | ActiveRecord: 0.1ms)


Started PATCH "/puppies/1" for ::1 at 2019-08-21 08:15:56 -0400
Processing by PuppiesController#update as HTML
  Parameters: {"utf8"=>"✓", "authenticity_token"=>"VRchai4eV4aEBwDzF4pV6nG39hqAS4qsJEO4MhTR2O3JE7unzcaH8vqsWoG0jT9xyK2LXDCspr9f7TkrkMec2Q==", "puppy"=>{"name"=>"Sama", "breed"=>"Labrador", "age"=>"3"}, "commit"=>"Update Puppy", "id"=>"1"}
  [1m[36mPuppy Load (0.3ms)[0m  [1m[34mSELECT  "puppies".* FROM "puppies" WHERE "puppies"."id" = ? LIMIT ?[0m  [["id", 1], ["LIMIT", 1]]
  ↳ app/controllers/puppies_controller.rb:35
  [1m[35m (0.1ms)[0m  [1m[36mbegin transaction[0m
  ↳ app/controllers/puppies_controller.rb:41
  [1m[36mPuppy Update (0.4ms)[0m  [1m[33mUPDATE "puppies" SET "name" = ?, "updated_at" = ? WHERE "puppies"."id" = ?[0m  [["name", "Sama"], ["updated_at", "2019-08-21 12:15:56.777411"], ["id", 1]]
  ↳ app/controllers/puppies_controller.rb:41
  [1m[35m (19.3ms)[0m  [1m[36mcommit transaction[0m
  ↳ app/controllers/puppies_controller.rb:41
Redirected to http://localhost:3000/puppies
Completed 302 Found in 30ms (ActiveRecord: 20.1ms)


Started GET "/puppies" for ::1 at 2019-08-21 08:15:56 -0400
Processing by PuppiesController#index as HTML
  Rendering puppies/index.html.erb within layouts/application
  [1m[36mPuppy Load (0.4ms)[0m  [1m[34mSELECT "puppies".* FROM "puppies"[0m
  ↳ app/views/puppies/index.html.erb:5
  Rendered puppies/_one_puppy.html.erb (0.3ms)
  Rendered puppies/_one_puppy.html.erb (0.1ms)
  Rendered puppies/_one_puppy.html.erb (0.0ms)
  Rendered puppies/_one_puppy.html.erb (0.0ms)
  Rendered puppies/_one_puppy.html.erb (0.0ms)
  Rendered puppies/_one_puppy.html.erb (0.0ms)
  Rendered puppies/index.html.erb within layouts/application (5.6ms)
Completed 200 OK in 17ms (Views: 15.2ms | ActiveRecord: 0.4ms)


Started GET "/puppies" for ::1 at 2019-08-21 08:20:57 -0400
Processing by PuppiesController#index as HTML
  Rendering puppies/index.html.erb within layouts/application
  [1m[36mPuppy Load (0.1ms)[0m  [1m[34mSELECT "puppies".* FROM "puppies"[0m
  ↳ app/views/puppies/index.html.erb:5
  Rendered puppies/_one_puppy.html.erb (198.0ms)
  Rendered puppies/index.html.erb within layouts/application (200.3ms)
Completed 500 Internal Server Error in 208ms (ActiveRecord: 0.1ms)


  
ActionView::Template::Error (undefined local variable or method `person' for #<#<Class:0x00007fed3ca00038>:0x00007fed3726b3b8>
Did you mean?  response):
    6: <p>Breed: <%= puppy.breed %></p>
    7: <p>Age: <%= puppy.age %> </p>
    8: 
    9: Owner: <%= person %>
  
app/views/puppies/_one_puppy.html.erb:9:in `_app_views_puppies__one_puppy_html_erb__1534436040519475352_70328447469340'
app/views/puppies/index.html.erb:6:in `block in _app_views_puppies_index_html_erb___1238401353648738101_70328404631040'
app/views/puppies/index.html.erb:5:in `_app_views_puppies_index_html_erb___1238401353648738101_70328404631040'
Started GET "/puppies" for ::1 at 2019-08-21 08:21:49 -0400
Processing by PuppiesController#index as HTML
  Rendering puppies/index.html.erb within layouts/application
  [1m[36mPuppy Load (0.1ms)[0m  [1m[34mSELECT "puppies".* FROM "puppies"[0m
  ↳ app/views/puppies/index.html.erb:5
  Rendered puppies/_one_puppy.html.erb (0.4ms)
  Rendered puppies/_one_puppy.html.erb (0.1ms)
  Rendered puppies/_one_puppy.html.erb (0.1ms)
  Rendered puppies/_one_puppy.html.erb (0.2ms)
  Rendered puppies/_one_puppy.html.erb (0.1ms)
  Rendered puppies/_one_puppy.html.erb (0.2ms)
  Rendered puppies/index.html.erb within layouts/application (6.0ms)
Completed 200 OK in 33ms (Views: 29.8ms | ActiveRecord: 0.1ms)


Started GET "/puppies/1" for ::1 at 2019-08-21 08:21:51 -0400
Processing by PuppiesController#show as HTML
  Parameters: {"id"=>"1"}
  [1m[36mPuppy Load (0.3ms)[0m  [1m[34mSELECT  "puppies".* FROM "puppies" WHERE "puppies"."id" = ? LIMIT ?[0m  [["id", 1], ["LIMIT", 1]]
  ↳ app/controllers/puppies_controller.rb:26
  Rendering puppies/show.html.erb within layouts/application
  Rendered puppies/show.html.erb within layouts/application (1.3ms)
Completed 500 Internal Server Error in 18ms (ActiveRecord: 0.3ms)


  
ActionView::Template::Error (wrong number of arguments (given 3, expected 0..2)):
    1: <!-- render certain file -->
    2: 
    3: <%= render 'one_puppy', { puppy: @puppy}, link_title: false %>
  
app/views/puppies/show.html.erb:3:in `_app_views_puppies_show_html_erb__4208911626977761188_70328404465480'
Started GET "/puppies/1" for ::1 at 2019-08-21 08:22:22 -0400
Processing by PuppiesController#show as HTML
  Parameters: {"id"=>"1"}
  [1m[36mPuppy Load (0.2ms)[0m  [1m[34mSELECT  "puppies".* FROM "puppies" WHERE "puppies"."id" = ? LIMIT ?[0m  [["id", 1], ["LIMIT", 1]]
  ↳ app/controllers/puppies_controller.rb:26
  Rendering puppies/show.html.erb within layouts/application
  Rendered puppies/_one_puppy.html.erb (0.5ms)
  Rendered puppies/show.html.erb within layouts/application (1.5ms)
Completed 200 OK in 18ms (Views: 15.1ms | ActiveRecord: 0.2ms)


Started GET "/puppies" for ::1 at 2019-08-21 08:22:25 -0400
Processing by PuppiesController#index as HTML
  Rendering puppies/index.html.erb within layouts/application
  [1m[36mPuppy Load (0.6ms)[0m  [1m[34mSELECT "puppies".* FROM "puppies"[0m
  ↳ app/views/puppies/index.html.erb:5
  Rendered puppies/_one_puppy.html.erb (0.7ms)
  Rendered puppies/_one_puppy.html.erb (0.1ms)
  Rendered puppies/_one_puppy.html.erb (0.2ms)
  Rendered puppies/_one_puppy.html.erb (0.1ms)
  Rendered puppies/_one_puppy.html.erb (0.2ms)
  Rendered puppies/_one_puppy.html.erb (0.2ms)
  Rendered puppies/index.html.erb within layouts/application (12.7ms)
Completed 200 OK in 39ms (Views: 37.1ms | ActiveRecord: 0.6ms)


Started GET "/puppies/1" for ::1 at 2019-08-21 08:22:26 -0400
Processing by PuppiesController#show as HTML
  Parameters: {"id"=>"1"}
  [1m[36mPuppy Load (0.1ms)[0m  [1m[34mSELECT  "puppies".* FROM "puppies" WHERE "puppies"."id" = ? LIMIT ?[0m  [["id", 1], ["LIMIT", 1]]
  ↳ app/controllers/puppies_controller.rb:26
  Rendering puppies/show.html.erb within layouts/application
  Rendered puppies/_one_puppy.html.erb (0.5ms)
  Rendered puppies/show.html.erb within layouts/application (1.6ms)
Completed 200 OK in 31ms (Views: 16.4ms | ActiveRecord: 0.1ms)


Started GET "/puppies/2" for ::1 at 2019-08-21 08:22:28 -0400
Processing by PuppiesController#show as HTML
  Parameters: {"id"=>"2"}
  [1m[36mPuppy Load (0.1ms)[0m  [1m[34mSELECT  "puppies".* FROM "puppies" WHERE "puppies"."id" = ? LIMIT ?[0m  [["id", 2], ["LIMIT", 1]]
  ↳ app/controllers/puppies_controller.rb:26
  Rendering puppies/show.html.erb within layouts/application
  Rendered puppies/_one_puppy.html.erb (0.8ms)
  Rendered puppies/show.html.erb within layouts/application (7.8ms)
Completed 200 OK in 31ms (Views: 29.8ms | ActiveRecord: 0.1ms)


Started GET "/puppies/3" for ::1 at 2019-08-21 08:22:31 -0400
Processing by PuppiesController#show as HTML
  Parameters: {"id"=>"3"}
  [1m[36mPuppy Load (0.2ms)[0m  [1m[34mSELECT  "puppies".* FROM "puppies" WHERE "puppies"."id" = ? LIMIT ?[0m  [["id", 3], ["LIMIT", 1]]
  ↳ app/controllers/puppies_controller.rb:26
  Rendering puppies/show.html.erb within layouts/application
  Rendered puppies/_one_puppy.html.erb (0.7ms)
  Rendered puppies/show.html.erb within layouts/application (1.8ms)
Completed 200 OK in 35ms (Views: 26.5ms | ActiveRecord: 0.2ms)


Started GET "/puppies/new" for ::1 at 2019-08-21 08:22:34 -0400
Processing by PuppiesController#new as HTML
  Rendering puppies/new.html.erb within layouts/application
  Rendered puppies/new.html.erb within layouts/application (2.8ms)
Completed 200 OK in 33ms (Views: 26.4ms | ActiveRecord: 0.0ms)


Started GET "/puppies/1" for ::1 at 2019-08-21 08:22:37 -0400
Processing by PuppiesController#show as HTML
  Parameters: {"id"=>"1"}
  [1m[36mPuppy Load (0.1ms)[0m  [1m[34mSELECT  "puppies".* FROM "puppies" WHERE "puppies"."id" = ? LIMIT ?[0m  [["id", 1], ["LIMIT", 1]]
  ↳ app/controllers/puppies_controller.rb:26
  Rendering puppies/show.html.erb within layouts/application
  Rendered puppies/_one_puppy.html.erb (0.3ms)
  Rendered puppies/show.html.erb within layouts/application (1.1ms)
Completed 200 OK in 31ms (Views: 29.4ms | ActiveRecord: 0.1ms)


Started GET "/puppies/1" for ::1 at 2019-08-21 08:23:51 -0400
Processing by PuppiesController#show as HTML
  Parameters: {"id"=>"1"}
  [1m[36mPuppy Load (0.2ms)[0m  [1m[34mSELECT  "puppies".* FROM "puppies" WHERE "puppies"."id" = ? LIMIT ?[0m  [["id", 1], ["LIMIT", 1]]
  ↳ app/controllers/puppies_controller.rb:26
  Rendering puppies/show.html.erb within layouts/application
  Rendered puppies/_one_puppy.html.erb (0.7ms)
  Rendered puppies/show.html.erb within layouts/application (1.8ms)
Completed 200 OK in 20ms (Views: 17.0ms | ActiveRecord: 0.2ms)


Started GET "/puppies/1" for ::1 at 2019-08-21 08:24:01 -0400
Processing by PuppiesController#show as HTML
  Parameters: {"id"=>"1"}
  [1m[36mPuppy Load (0.4ms)[0m  [1m[34mSELECT  "puppies".* FROM "puppies" WHERE "puppies"."id" = ? LIMIT ?[0m  [["id", 1], ["LIMIT", 1]]
  ↳ app/controllers/puppies_controller.rb:26
  Rendering puppies/show.html.erb within layouts/application
  Rendered puppies/_one_puppy.html.erb (0.4ms)
  Rendered puppies/show.html.erb within layouts/application (169.0ms)
Completed 500 Internal Server Error in 175ms (ActiveRecord: 0.4ms)


  
ActionView::Template::Error (undefined local variable or method `puppy' for #<#<Class:0x00007fed3ca00038>:0x00007fed37350418>
Did you mean?  @puppy):
    2: 
    3: <%= render 'one_puppy', { puppy: @puppy, link_title: false }%>
    4: 
    5: <%= link_to( 'Edit', edit_puppy(puppy.id)) %>
  
app/views/puppies/show.html.erb:5:in `_app_views_puppies_show_html_erb__4208911626977761188_70328405100140'
Started GET "/puppies/1" for ::1 at 2019-08-21 08:24:12 -0400
Processing by PuppiesController#show as HTML
  Parameters: {"id"=>"1"}
  [1m[36mPuppy Load (0.2ms)[0m  [1m[34mSELECT  "puppies".* FROM "puppies" WHERE "puppies"."id" = ? LIMIT ?[0m  [["id", 1], ["LIMIT", 1]]
  ↳ app/controllers/puppies_controller.rb:26
  Rendering puppies/show.html.erb within layouts/application
  Rendered puppies/_one_puppy.html.erb (0.4ms)
  Rendered puppies/show.html.erb within layouts/application (163.8ms)
Completed 500 Internal Server Error in 170ms (ActiveRecord: 0.2ms)


  
ActionView::Template::Error (undefined local variable or method `puppy' for #<#<Class:0x00007fed3ca00038>:0x00007fed3723b528>
Did you mean?  @puppy):
    2: 
    3: <%= render 'one_puppy', { puppy: @puppy, link_title: false }%>
    4: 
    5: <%= link_to( 'Edit', edit_puppy_path(puppy.id)) %>
  
app/views/puppies/show.html.erb:5:in `_app_views_puppies_show_html_erb__4208911626977761188_70328404532920'
Started GET "/puppies/1" for ::1 at 2019-08-21 08:24:19 -0400
Processing by PuppiesController#show as HTML
  Parameters: {"id"=>"1"}
  [1m[36mPuppy Load (0.6ms)[0m  [1m[34mSELECT  "puppies".* FROM "puppies" WHERE "puppies"."id" = ? LIMIT ?[0m  [["id", 1], ["LIMIT", 1]]
  ↳ app/controllers/puppies_controller.rb:26
  Rendering puppies/show.html.erb within layouts/application
  Rendered puppies/_one_puppy.html.erb (0.3ms)
  Rendered puppies/show.html.erb within layouts/application (1.5ms)
Completed 200 OK in 16ms (Views: 12.8ms | ActiveRecord: 0.6ms)


Started GET "/puppies/1/edit" for ::1 at 2019-08-21 08:24:21 -0400
Processing by PuppiesController#edit as HTML
  Parameters: {"id"=>"1"}
  [1m[36mPuppy Load (0.1ms)[0m  [1m[34mSELECT  "puppies".* FROM "puppies" WHERE "puppies"."id" = ? LIMIT ?[0m  [["id", 1], ["LIMIT", 1]]
  ↳ app/controllers/puppies_controller.rb:31
  Rendering puppies/edit.html.erb within layouts/application
  Rendered puppies/_puppy_form.html.erb (4.6ms)
  Rendered puppies/edit.html.erb within layouts/application (6.1ms)
Completed 200 OK in 35ms (Views: 27.7ms | ActiveRecord: 0.1ms)


Started GET "/puppies/1/edit" for ::1 at 2019-08-21 08:24:28 -0400
Processing by PuppiesController#edit as HTML
  Parameters: {"id"=>"1"}
  [1m[36mPuppy Load (2.3ms)[0m  [1m[34mSELECT  "puppies".* FROM "puppies" WHERE "puppies"."id" = ? LIMIT ?[0m  [["id", 1], ["LIMIT", 1]]
  ↳ app/controllers/puppies_controller.rb:31
  Rendering puppies/edit.html.erb within layouts/application
  Rendered puppies/_puppy_form.html.erb (3.3ms)
  Rendered puppies/edit.html.erb within layouts/application (5.1ms)
Completed 200 OK in 44ms (Views: 28.1ms | ActiveRecord: 2.3ms)


Started PATCH "/puppies/1" for ::1 at 2019-08-21 08:24:40 -0400
Processing by PuppiesController#update as HTML
  Parameters: {"utf8"=>"✓", "authenticity_token"=>"3/ASwXoYul3Wi16vSooQyxzqiZlxZW3HQDoXjxG002DN35ZaU2wv9fUw343eHw4767mZ3YuSO9ny+gwTTASKLA==", "puppy"=>{"name"=>"New Sam Bam", "breed"=>"Labrador", "age"=>"3"}, "commit"=>"Update Puppy", "id"=>"1"}
  [1m[36mPuppy Load (0.2ms)[0m  [1m[34mSELECT  "puppies".* FROM "puppies" WHERE "puppies"."id" = ? LIMIT ?[0m  [["id", 1], ["LIMIT", 1]]
  ↳ app/controllers/puppies_controller.rb:35
  [1m[35m (0.0ms)[0m  [1m[36mbegin transaction[0m
  ↳ app/controllers/puppies_controller.rb:41
  [1m[36mPuppy Update (1.5ms)[0m  [1m[33mUPDATE "puppies" SET "name" = ?, "updated_at" = ? WHERE "puppies"."id" = ?[0m  [["name", "New Sam Bam"], ["updated_at", "2019-08-21 12:24:40.163005"], ["id", 1]]
  ↳ app/controllers/puppies_controller.rb:41
  [1m[35m (1.6ms)[0m  [1m[36mcommit transaction[0m
  ↳ app/controllers/puppies_controller.rb:41
Redirected to http://localhost:3000/puppies
Completed 302 Found in 10ms (ActiveRecord: 3.4ms)


Started GET "/puppies" for ::1 at 2019-08-21 08:24:40 -0400
Processing by PuppiesController#index as HTML
  Rendering puppies/index.html.erb within layouts/application
  [1m[36mPuppy Load (0.1ms)[0m  [1m[34mSELECT "puppies".* FROM "puppies"[0m
  ↳ app/views/puppies/index.html.erb:5
  Rendered puppies/_one_puppy.html.erb (0.4ms)
  Rendered puppies/_one_puppy.html.erb (0.1ms)
  Rendered puppies/_one_puppy.html.erb (0.1ms)
  Rendered puppies/_one_puppy.html.erb (0.1ms)
  Rendered puppies/_one_puppy.html.erb (0.1ms)
  Rendered puppies/_one_puppy.html.erb (0.1ms)
  Rendered puppies/index.html.erb within layouts/application (4.4ms)
Completed 200 OK in 18ms (Views: 16.3ms | ActiveRecord: 0.1ms)


Started GET "/puppies/5" for ::1 at 2019-08-21 08:24:48 -0400
Processing by PuppiesController#show as HTML
  Parameters: {"id"=>"5"}
  [1m[36mPuppy Load (0.2ms)[0m  [1m[34mSELECT  "puppies".* FROM "puppies" WHERE "puppies"."id" = ? LIMIT ?[0m  [["id", 5], ["LIMIT", 1]]
  ↳ app/controllers/puppies_controller.rb:26
  Rendering puppies/show.html.erb within layouts/application
  Rendered puppies/_one_puppy.html.erb (0.3ms)
  Rendered puppies/show.html.erb within layouts/application (1.6ms)
Completed 200 OK in 32ms (Views: 23.1ms | ActiveRecord: 0.2ms)


Started GET "/puppies/4" for ::1 at 2019-08-21 08:24:50 -0400
Processing by PuppiesController#show as HTML
  Parameters: {"id"=>"4"}
  [1m[36mPuppy Load (0.5ms)[0m  [1m[34mSELECT  "puppies".* FROM "puppies" WHERE "puppies"."id" = ? LIMIT ?[0m  [["id", 4], ["LIMIT", 1]]
  ↳ app/controllers/puppies_controller.rb:26
  Rendering puppies/show.html.erb within layouts/application
  Rendered puppies/_one_puppy.html.erb (1.3ms)
  Rendered puppies/show.html.erb within layouts/application (2.9ms)
Completed 200 OK in 41ms (Views: 31.8ms | ActiveRecord: 0.5ms)


Started GET "/puppies/4/edit" for ::1 at 2019-08-21 08:24:51 -0400
Processing by PuppiesController#edit as HTML
  Parameters: {"id"=>"4"}
  [1m[36mPuppy Load (0.4ms)[0m  [1m[34mSELECT  "puppies".* FROM "puppies" WHERE "puppies"."id" = ? LIMIT ?[0m  [["id", 4], ["LIMIT", 1]]
  ↳ app/controllers/puppies_controller.rb:31
  Rendering puppies/edit.html.erb within layouts/application
  Rendered puppies/_puppy_form.html.erb (2.8ms)
  Rendered puppies/edit.html.erb within layouts/application (4.1ms)
Completed 200 OK in 34ms (Views: 24.2ms | ActiveRecord: 0.4ms)


Started PATCH "/puppies/4" for ::1 at 2019-08-21 08:24:55 -0400
Processing by PuppiesController#update as HTML
  Parameters: {"utf8"=>"✓", "authenticity_token"=>"4cI3FS7SWhIv+XZogdBpOxU+PFbvL7c+ULc6G8QfztN6MCBR7AX0HNIk13uAg4VEXbUS92mmukYEmtsSf1LASw==", "puppy"=>{"name"=>"sarah", "breed"=>"retriever", "age"=>"20"}, "commit"=>"Update Puppy", "id"=>"4"}
  [1m[36mPuppy Load (0.1ms)[0m  [1m[34mSELECT  "puppies".* FROM "puppies" WHERE "puppies"."id" = ? LIMIT ?[0m  [["id", 4], ["LIMIT", 1]]
  ↳ app/controllers/puppies_controller.rb:35
  [1m[35m (0.1ms)[0m  [1m[36mbegin transaction[0m
  ↳ app/controllers/puppies_controller.rb:41
  [1m[36mPuppy Update (0.7ms)[0m  [1m[33mUPDATE "puppies" SET "age" = ?, "updated_at" = ? WHERE "puppies"."id" = ?[0m  [["age", 20], ["updated_at", "2019-08-21 12:24:55.435941"], ["id", 4]]
  ↳ app/controllers/puppies_controller.rb:41
  [1m[35m (1.6ms)[0m  [1m[36mcommit transaction[0m
  ↳ app/controllers/puppies_controller.rb:41
Redirected to http://localhost:3000/puppies
Completed 302 Found in 10ms (ActiveRecord: 2.5ms)


Started GET "/puppies" for ::1 at 2019-08-21 08:24:55 -0400
Processing by PuppiesController#index as HTML
  Rendering puppies/index.html.erb within layouts/application
  [1m[36mPuppy Load (0.1ms)[0m  [1m[34mSELECT "puppies".* FROM "puppies"[0m
  ↳ app/views/puppies/index.html.erb:5
  Rendered puppies/_one_puppy.html.erb (0.9ms)
  Rendered puppies/_one_puppy.html.erb (0.1ms)
  Rendered puppies/_one_puppy.html.erb (0.1ms)
  Rendered puppies/_one_puppy.html.erb (0.3ms)
  Rendered puppies/_one_puppy.html.erb (0.1ms)
  Rendered puppies/_one_puppy.html.erb (0.1ms)
  Rendered puppies/index.html.erb within layouts/application (6.5ms)
Completed 200 OK in 19ms (Views: 18.3ms | ActiveRecord: 0.1ms)


